[4428:4444:0114/142432:INFO:AppRunner.cpp(611)] Begin run process geeplayer, -runfrom openfile "D:\电影\致我们终将逝去的青春BD1280高清[www.qire123.com].rmvb", mainplugin is mainPlugin
[4428:4444:0114/142432:INFO:AppRunner.cpp(617)] ProductName is GeePlayer1
[4428:4444:0114/142432:INFO:ChannelManager.cpp(1219)] create connection thread
[4428:4444:0114/142432:INFO:AppRunner.cpp(661)] apppluginbase version is 5.1.3.13
[4428:4444:0114/142432:INFO:UIlib.cpp(192)] quilib: version is 5.1.3.9
[4428:4444:0114/142432:INFO:serviceManager.cpp(508)] mainprocessisrunning key is set as 1
[4428:4444:0114/142432:INFO:serviceManager.cpp(629)] create local service plugin PluginServerStatePlugin
[4428:4444:0114/142432:INFO:serviceManager.cpp(687)] plugin PluginServerStatePlugin DoPluginInit
[4428:4444:0114/142432:INFO:serviceManager.cpp(1272)] repository parse over
[4428:4444:0114/142432:INFO:DomainManager.cpp(244)] create global domain channel list::QyClient.exe
[4428:4444:0114/142432:INFO:ChannelManager.cpp(504)] create list::QyClient.exe:: process object
[4428:4444:0114/142432:INFO:LpcProcess.cpp(242)] create default channel GeePlayer1::geeplayer.exe::::list::QyClient.exe::::
[4428:4444:0114/142432:INFO:UIManager.cpp(383)] quilib:call set resouce path, path is c:\program files (x86)\iqiyi video\geeplayer\3.0.40.3591\skin
[4428:4444:0114/142432:INFO:UIMarkup.cpp(395)] quilib:Open Resource failed, Path is c:\program files (x86)\iqiyi video\geeplayer\3.0.40.3591\skin\StyleTable.xml, last error is0
[4428:2220:0114/143235:INFO:ChannelManager.cpp(613)] on connection incomming  PipeName=GeePlayer1::geeplayer.exe::::thirdstart::QyClient.exe::::,ProductNameInner=GeePlayer1
[4428:2220:0114/143235:INFO:ChannelManager.cpp(504)] create thirdstart::QyClient.exe:: process object
[4428:2220:0114/143235:INFO:LpcProcess.cpp(242)] create default channel GeePlayer1::geeplayer.exe::::thirdstart::QyClient.exe::::
[4428:2220:0114/143235:INFO:ChannelManager.cpp(1122)] connect pipe GeePlayer1::geeplayer.exe::::thirdstart::QyClient.exe::::
[4428:4888:0114/143236:INFO:ChannelManager.cpp(1024)] process QyClient.exe crashed, error is 109
[4428:5660:0114/143236:INFO:ChannelManager.cpp(1024)] process QyClient.exe crashed, error is 109
[4428:4444:0114/144114:INFO:AppRunner.cpp(720)] loop exit geeplayer call main plugin DestoryPluginEntry
[4428:4444:0114/144114:INFO:PluginDevelopAssistant.cpp(115)] real plugin mainPlugin call DestroyPlugin
[4428:4444:0114/144116:INFO:IPlugin.cpp(31)] destruct plugin mainPlugin
[4428:4444:0114/144116:INFO:serviceManager.cpp(1353)] mainPlugin plugin had destroy by DestructPlugin
[4428:4444:0114/144116:INFO:serviceManager.cpp(1906)] DestructManager begin
[4428:4444:0114/144116:INFO:IPlugin.cpp(31)] destruct plugin PluginServerStatePlugin
[4428:4444:0114/144116:INFO:PluginDevelopAssistant.cpp(295)] real plugin PluginServerStatePlugin call DestroyPlugin
[4428:4444:0114/144116:INFO:serviceManager.cpp(1353)] PluginServerStatePlugin plugin had destroy by DestructPlugin
[4428:4444:0114/144116:INFO:serviceManager.cpp(1759)] DeleteLeftPlugins begin
[4428:4444:0114/144116:INFO:serviceManager.cpp(1822)] DeleteLeftPlugins end
[4428:4444:0114/144116:INFO:serviceManager.cpp(508)] mainprocessisrunning key is set as 0
[4428:4444:0114/144116:INFO:AppRunner.cpp(735)] close mutex of process geeplayer
[4428:4444:0114/144116:INFO:AppRunner.cpp(743)] run process geeplayer end
[2080:1916:0114/144127:INFO:AppRunner.cpp(611)] Begin run process geeplayer, -runfrom openfile "D:\我的文档\My Videos\美人图.MP4", mainplugin is mainPlugin
[2080:1916:0114/144127:INFO:AppRunner.cpp(617)] ProductName is GeePlayer1
[2080:1916:0114/144127:INFO:ChannelManager.cpp(1219)] create connection thread
[2080:1916:0114/144127:INFO:AppRunner.cpp(661)] apppluginbase version is 5.1.3.13
[2080:1916:0114/144127:INFO:UIlib.cpp(192)] quilib: version is 5.1.3.9
[2080:1916:0114/144127:INFO:serviceManager.cpp(508)] mainprocessisrunning key is set as 1
[2080:1916:0114/144127:INFO:serviceManager.cpp(629)] create local service plugin PluginServerStatePlugin
[2080:1916:0114/144127:INFO:serviceManager.cpp(687)] plugin PluginServerStatePlugin DoPluginInit
[2080:1916:0114/144127:INFO:serviceManager.cpp(1272)] repository parse over
[2080:1916:0114/144127:INFO:UIManager.cpp(383)] quilib:call set resouce path, path is c:\program files (x86)\iqiyi video\geeplayer\3.0.40.3591\skin
[2080:1916:0114/144127:INFO:UIMarkup.cpp(395)] quilib:Open Resource failed, Path is c:\program files (x86)\iqiyi video\geeplayer\3.0.40.3591\skin\StyleTable.xml, last error is0
[2656:3324:0114/170649:INFO:AppRunner.cpp(611)] Begin run process geeplayer, -runfrom openfile "D:\我的文档\My Videos\刀见笑_高清.mp4", mainplugin is mainPlugin
[2656:3324:0114/170649:INFO:AppRunner.cpp(617)] ProductName is GeePlayer2
[2656:3324:0114/170649:INFO:ChannelManager.cpp(1219)] create connection thread
[2656:3324:0114/170649:INFO:AppRunner.cpp(661)] apppluginbase version is 5.1.3.13
[2656:3324:0114/170649:INFO:UIlib.cpp(192)] quilib: version is 5.1.3.9
[2656:3324:0114/170649:INFO:serviceManager.cpp(508)] mainprocessisrunning key is set as 1
[2656:3324:0114/170649:INFO:serviceManager.cpp(629)] create local service plugin PluginServerStatePlugin
[2656:3324:0114/170649:INFO:serviceManager.cpp(515)] service recordPluginServerStatePlugin is dirty old runPID:2080 , right pid:2656 , arrPeerInfo Size:0
[2656:3324:0114/170649:INFO:serviceManager.cpp(525)] service table: name:PluginServerStatePlugin runpid:2080 plugin:0062DF40, 
[2656:3324:0114/170649:INFO:serviceManager.cpp(687)] plugin PluginServerStatePlugin DoPluginInit
[2656:3324:0114/170649:INFO:serviceManager.cpp(1272)] repository parse over
[2656:3324:0114/170649:INFO:DomainManager.cpp(244)] create global domain channel GeePlayer1::geeplayer.exe
[2656:3324:0114/170649:INFO:ChannelManager.cpp(504)] create GeePlayer1::geeplayer.exe:: process object
[2656:3324:0114/170649:INFO:LpcProcess.cpp(242)] create default channel GeePlayer1::geeplayer.exe::::GeePlayer2::geeplayer.exe::::
[2080:3432:0114/170649:INFO:ChannelManager.cpp(613)] on connection incomming  PipeName=GeePlayer1::geeplayer.exe::::GeePlayer2::geeplayer.exe::::,ProductNameInner=GeePlayer1
[2080:3432:0114/170649:INFO:ChannelManager.cpp(504)] create GeePlayer2::geeplayer.exe:: process object
[2080:3432:0114/170649:INFO:LpcProcess.cpp(242)] create default channel GeePlayer1::geeplayer.exe::::GeePlayer2::geeplayer.exe::::
[2080:3432:0114/170649:INFO:ChannelManager.cpp(1122)] connect pipe GeePlayer1::geeplayer.exe::::GeePlayer2::geeplayer.exe::::
[2656:3324:0114/170649:INFO:AppRunner.cpp(720)] loop exit geeplayer call main plugin DestoryPluginEntry
[2656:3324:0114/170649:INFO:PluginDevelopAssistant.cpp(115)] real plugin mainPlugin call DestroyPlugin
[2656:3324:0114/170649:INFO:IPlugin.cpp(31)] destruct plugin mainPlugin
[2656:3324:0114/170649:INFO:serviceManager.cpp(1353)] mainPlugin plugin had destroy by DestructPlugin
[2656:3324:0114/170649:INFO:serviceManager.cpp(1906)] DestructManager begin
[2656:3324:0114/170649:INFO:IPlugin.cpp(31)] destruct plugin PluginServerStatePlugin
[2656:3324:0114/170649:INFO:PluginDevelopAssistant.cpp(295)] real plugin PluginServerStatePlugin call DestroyPlugin
[2656:3324:0114/170649:INFO:serviceManager.cpp(1353)] PluginServerStatePlugin plugin had destroy by DestructPlugin
[2656:3324:0114/170649:INFO:serviceManager.cpp(1759)] DeleteLeftPlugins begin
[2656:3324:0114/170649:INFO:serviceManager.cpp(1822)] DeleteLeftPlugins end
[2656:3324:0114/170649:INFO:serviceManager.cpp(508)] mainprocessisrunning key is set as 0
[2656:3324:0114/170649:INFO:AppRunner.cpp(735)] close mutex of process geeplayer
[2080:5268:0114/170649:INFO:ChannelManager.cpp(1024)] process geeplayer.exe crashed, error is 109
[2656:3324:0114/170649:INFO:AppRunner.cpp(743)] run process geeplayer end
[2080:1916:0114/173302:INFO:UIDlgBuilder.cpp(512)] quilib:create root control failed
[2080:1916:0114/173449:INFO:UIDlgBuilder.cpp(512)] quilib:create root control failed
[2080:1916:0114/173840:INFO:AppRunner.cpp(720)] loop exit geeplayer call main plugin DestoryPluginEntry
[2080:1916:0114/173840:INFO:PluginDevelopAssistant.cpp(115)] real plugin mainPlugin call DestroyPlugin
[2080:1916:0114/173841:INFO:IPlugin.cpp(31)] destruct plugin mainPlugin
[2080:1916:0114/173841:INFO:serviceManager.cpp(1353)] mainPlugin plugin had destroy by DestructPlugin
[2080:1916:0114/173841:INFO:serviceManager.cpp(1906)] DestructManager begin
[2080:1916:0114/173841:INFO:IPlugin.cpp(31)] destruct plugin PluginServerStatePlugin
[2080:1916:0114/173841:INFO:PluginDevelopAssistant.cpp(295)] real plugin PluginServerStatePlugin call DestroyPlugin
[2080:1916:0114/173841:INFO:serviceManager.cpp(1353)] PluginServerStatePlugin plugin had destroy by DestructPlugin
[2080:1916:0114/173841:INFO:serviceManager.cpp(1759)] DeleteLeftPlugins begin
[2080:1916:0114/173841:INFO:serviceManager.cpp(1822)] DeleteLeftPlugins end
[2080:1916:0114/173841:INFO:serviceManager.cpp(508)] mainprocessisrunning key is set as 0
[2080:1916:0114/173841:INFO:AppRunner.cpp(735)] close mutex of process geeplayer
[2080:1916:0114/173841:INFO:AppRunner.cpp(743)] run process geeplayer end
